{"C:\\WORK\\SREEKANTH\\Training\\Training_Material\\Web\\13_UnitTesting\\Jest\\0010_Introduction\\Code\\1\\beverage.js": {"path":"C:\\WORK\\SREEKANTH\\Training\\Training_Material\\Web\\13_UnitTesting\\Jest\\0010_Introduction\\Code\\1\\beverage.js","statementMap":{"0":{"start":{"line":1,"column":19},"end":{"line":4,"column":1}},"1":{"start":{"line":6,"column":0},"end":{"line":6,"column":28}}},"fnMap":{},"branchMap":{},"s":{"0":1,"1":1},"f":{},"b":{},"_coverageSchema":"332fd63041d2c1bcb487cc26dd0d5f7d97098a6c","hash":"e4c1dd6f5669824f03c58957aa6a489d641334cd"}
,"C:\\WORK\\SREEKANTH\\Training\\Training_Material\\Web\\13_UnitTesting\\Jest\\0010_Introduction\\Code\\1\\sum.js": {"path":"C:\\WORK\\SREEKANTH\\Training\\Training_Material\\Web\\13_UnitTesting\\Jest\\0010_Introduction\\Code\\1\\sum.js","statementMap":{"0":{"start":{"line":2,"column":2},"end":{"line":2,"column":15}},"1":{"start":{"line":6,"column":2},"end":{"line":6,"column":15}},"2":{"start":{"line":10,"column":2},"end":{"line":10,"column":15}},"3":{"start":{"line":13,"column":0},"end":{"line":13,"column":21}}},"fnMap":{"0":{"name":"sum","decl":{"start":{"line":1,"column":9},"end":{"line":1,"column":12}},"loc":{"start":{"line":1,"column":19},"end":{"line":3,"column":1}},"line":1},"1":{"name":"subtract","decl":{"start":{"line":5,"column":9},"end":{"line":5,"column":17}},"loc":{"start":{"line":5,"column":24},"end":{"line":7,"column":1}},"line":5},"2":{"name":"multiply","decl":{"start":{"line":9,"column":9},"end":{"line":9,"column":17}},"loc":{"start":{"line":9,"column":24},"end":{"line":11,"column":1}},"line":9}},"branchMap":{},"s":{"0":2,"1":0,"2":0,"3":1},"f":{"0":2,"1":0,"2":0},"b":{},"_coverageSchema":"332fd63041d2c1bcb487cc26dd0d5f7d97098a6c","hash":"d0bb4fe352ad033945cc56ec07828f183fa7995d"}
}
